<?xml version="1.0" encoding="UTF-8"?>
<!-- Generated by org.testng.reporters.JUnitReportReporter -->
<testsuite hostname="DerekBerubesMBP" name="com.wildstartech.wfa.address.us.ZipCodeFactoryTest" tests="4" failures="0" timestamp="15 May 2015 04:22:00 GMT" time="0.127" errors="0">
  <testcase name="getGASandySpringsTest" time="0.001" classname="com.wildstartech.wfa.address.us.ZipCodeFactoryTest"/>
  <testcase name="getGAGeorgiaTechTest" time="0.002" classname="com.wildstartech.wfa.address.us.ZipCodeFactoryTest"/>
  <testcase name="getFLPanamaCityBeachTest" time="0.123" classname="com.wildstartech.wfa.address.us.ZipCodeFactoryTest"/>
  <testcase name="getInstanceTest" time="0.001" classname="com.wildstartech.wfa.address.us.ZipCodeFactoryTest"/>
</testsuite> <!-- com.wildstartech.wfa.address.us.ZipCodeFactoryTest -->
