<?xml version="1.0" encoding="UTF-8"?>
<!-- Generated by org.testng.reporters.JUnitReportReporter -->
<testsuite hostname="Derek-Berubes-MacBook-Pro.local" name="com.wildstartech.wfa.location.spi.DistanceServiceProviderTest" tests="1" failures="0" timestamp="26 Jun 2015 20:46:14 GMT" time="0.010" errors="0">
  <testcase name="calculateDistanceGeoPointGeoPointTest" time="0.010" classname="com.wildstartech.wfa.location.spi.DistanceServiceProviderTest"/>
</testsuite> <!-- com.wildstartech.wfa.location.spi.DistanceServiceProviderTest -->
