<?xml version="1.0" encoding="UTF-8"?>
<!-- Generated by org.testng.reporters.JUnitReportReporter -->
<testsuite hostname="DerekBerubesMBP" name="com.wildstartech.wfa.ticketing.RequestIdGeneratorTest" tests="4" failures="0" timestamp="27 Sep 2015 04:56:56 GMT" time="0.030" errors="0">
  <testcase name="largePrefix" time="0.014" classname="com.wildstartech.wfa.ticketing.RequestIdGeneratorTest"/>
  <testcase name="shorterMaximumLength" time="0.000" classname="com.wildstartech.wfa.ticketing.RequestIdGeneratorTest"/>
  <testcase name="baseLineTest" time="0.014" classname="com.wildstartech.wfa.ticketing.RequestIdGeneratorTest"/>
  <testcase name="longNumber" time="0.002" classname="com.wildstartech.wfa.ticketing.RequestIdGeneratorTest"/>
</testsuite> <!-- com.wildstartech.wfa.ticketing.RequestIdGeneratorTest -->
