<?xml version="1.0" encoding="UTF-8"?>
<!-- Generated by org.testng.reporters.JUnitReportReporter -->
<testsuite hostname="Derek-Berubes-MacBook-Pro.local" name="com.wildstartech.wfa.dao.PackageNameTest" tests="1" failures="0" timestamp="30 Sep 2014 04:07:19 GMT" time="0.010" errors="0">
  <testcase name="getResourceKey" time="0.010" classname="com.wildstartech.wfa.dao.PackageNameTest"/>
</testsuite> <!-- com.wildstartech.wfa.dao.PackageNameTest -->
