<?xml version="1.0" encoding="UTF-8"?>
<!-- Generated by org.testng.reporters.JUnitReportReporter -->
<testsuite hostname="Derek-Berubes-MacBook-Pro.local" name="com.wildstartech.wfa.dao.PersistentRuleSetTest" tests="1" failures="0" timestamp="25 Dec 2014 06:05:55 GMT" time="0.027" errors="0">
  <testcase name="Test" time="0.027" classname="com.wildstartech.wfa.dao.PersistentRuleSetTest"/>
</testsuite> <!-- com.wildstartech.wfa.dao.PersistentRuleSetTest -->
