<?xml version="1.0" encoding="UTF-8"?>
<!-- Generated by org.testng.reporters.JUnitReportReporter -->
<testsuite hostname="Derek-Berubes-MacBook-Pro.local" name="com.wildstartech.wfa.location.GeoPointTest" tests="4" failures="0" timestamp="2 Aug 2015 05:55:50 GMT" time="0.199" errors="0">
  <testcase name="calculateDistanceTest" time="0.001" classname="com.wildstartech.wfa.location.GeoPointTest"/>
  <testcase name="calculateDistanceNauticalMilesTest" time="0.001" classname="com.wildstartech.wfa.location.GeoPointTest"/>
  <testcase name="calculateDistanceKilometersTest" time="0.001" classname="com.wildstartech.wfa.location.GeoPointTest"/>
  <testcase name="calculateDistanceDefaultUnitsTest" time="0.196" classname="com.wildstartech.wfa.location.GeoPointTest"/>
</testsuite> <!-- com.wildstartech.wfa.location.GeoPointTest -->
