<?xml version="1.0" encoding="UTF-8"?>
<!-- Generated by org.testng.reporters.JUnitReportReporter -->
<testsuite hostname="Derek-Berubes-MacBook-Pro.local" name="com.wildstartech.wfa.location.EvaluateHaversineAlgorithm" tests="1" failures="0" timestamp="26 Jun 2015 23:41:08 GMT" time="0.180" errors="0">
  <testcase name="testDistances" time="0.180" classname="com.wildstartech.wfa.location.EvaluateHaversineAlgorithm"/>
</testsuite> <!-- com.wildstartech.wfa.location.EvaluateHaversineAlgorithm -->
