<?xml version="1.0" encoding="UTF-8"?>
<!-- Generated by org.testng.reporters.JUnitReportReporter -->
<testsuite hostname="DerekBerubesMBP" name="com.wildstartech.wfa.logistics.ltl.pricemodel.CubeDistancePriceModelTest" tests="1" failures="0" timestamp="21 Apr 2015 20:23:20 GMT" time="0.025" errors="0">
  <testcase name="testCalculation" time="0.025" classname="com.wildstartech.wfa.logistics.ltl.pricemodel.CubeDistancePriceModelTest"/>
</testsuite> <!-- com.wildstartech.wfa.logistics.ltl.pricemodel.CubeDistancePriceModelTest -->
