<?xml version="1.0" encoding="UTF-8"?>
<!-- Generated by org.testng.reporters.JUnitReportReporter -->
<testsuite hostname="Derek-Berubes-MacBook-Pro.local" name="com.wildstartech.wfa.country.TestCountryFactory" tests="246" failures="0" timestamp="30 Sep 2014 04:04:17 GMT" time="0.056" errors="0">
  <testcase name="testMacedoniaTheFormerYugoslavRepublicOf" time="0.000" classname="com.wildstartech.wfa.country.TestCountryFactory"/>
  <testcase name="testWesternSahara" time="0.000" classname="com.wildstartech.wfa.country.TestCountryFactory"/>
  <testcase name="testSaintPierreAndMiquelon" time="0.000" classname="com.wildstartech.wfa.country.TestCountryFactory"/>
  <testcase name="testVenezuelaBolivarianRepublicOf" time="0.000" classname="com.wildstartech.wfa.country.TestCountryFactory"/>
  <testcase name="testCaymanIslands" time="0.000" classname="com.wildstartech.wfa.country.TestCountryFactory"/>
  <testcase name="testGabon" time="0.000" classname="com.wildstartech.wfa.country.TestCountryFactory"/>
  <testcase name="testAzerbaijan" time="0.000" classname="com.wildstartech.wfa.country.TestCountryFactory"/>
  <testcase name="testPapuaNewGuinea" time="0.000" classname="com.wildstartech.wfa.country.TestCountryFactory"/>
  <testcase name="testLebanon" time="0.000" classname="com.wildstartech.wfa.country.TestCountryFactory"/>
  <testcase name="testLesotho" time="0.000" classname="com.wildstartech.wfa.country.TestCountryFactory"/>
  <testcase name="testGuineaBissau" time="0.001" classname="com.wildstartech.wfa.country.TestCountryFactory"/>
  <testcase name="testCoteDIvoire" time="0.000" classname="com.wildstartech.wfa.country.TestCountryFactory"/>
  <testcase name="testHonduras" time="0.000" classname="com.wildstartech.wfa.country.TestCountryFactory"/>
  <testcase name="testAruba" time="0.000" classname="com.wildstartech.wfa.country.TestCountryFactory"/>
  <testcase name="testWallisAndFutuna" time="0.000" classname="com.wildstartech.wfa.country.TestCountryFactory"/>
  <testcase name="testDominicanRepublic" time="0.000" classname="com.wildstartech.wfa.country.TestCountryFactory"/>
  <testcase name="testNewZealand" time="0.001" classname="com.wildstartech.wfa.country.TestCountryFactory"/>
  <testcase name="testMexico" time="0.000" classname="com.wildstartech.wfa.country.TestCountryFactory"/>
  <testcase name="testIsrael" time="0.001" classname="com.wildstartech.wfa.country.TestCountryFactory"/>
  <testcase name="testCookIslands" time="0.000" classname="com.wildstartech.wfa.country.TestCountryFactory"/>
  <testcase name="testZimbabwe" time="0.001" classname="com.wildstartech.wfa.country.TestCountryFactory"/>
  <testcase name="testAmericanSamoa" time="0.000" classname="com.wildstartech.wfa.country.TestCountryFactory"/>
  <testcase name="testPitcairn" time="0.000" classname="com.wildstartech.wfa.country.TestCountryFactory"/>
  <testcase name="testTaiwanProvinceOfChina" time="0.000" classname="com.wildstartech.wfa.country.TestCountryFactory"/>
  <testcase name="testBangladesh" time="0.000" classname="com.wildstartech.wfa.country.TestCountryFactory"/>
  <testcase name="testMartinique" time="0.000" classname="com.wildstartech.wfa.country.TestCountryFactory"/>
  <testcase name="testSpain" time="0.000" classname="com.wildstartech.wfa.country.TestCountryFactory"/>
  <testcase name="testSingapore" time="0.000" classname="com.wildstartech.wfa.country.TestCountryFactory"/>
  <testcase name="testLiberia" time="0.000" classname="com.wildstartech.wfa.country.TestCountryFactory"/>
  <testcase name="testHolySeeVaticanCityState" time="0.000" classname="com.wildstartech.wfa.country.TestCountryFactory"/>
  <testcase name="testFrenchSouthernTerritories" time="0.001" classname="com.wildstartech.wfa.country.TestCountryFactory"/>
  <testcase name="testNetherlandsAntilles" time="0.001" classname="com.wildstartech.wfa.country.TestCountryFactory"/>
  <testcase name="testIsleOfMan" time="0.000" classname="com.wildstartech.wfa.country.TestCountryFactory"/>
  <testcase name="testChad" time="0.001" classname="com.wildstartech.wfa.country.TestCountryFactory"/>
  <testcase name="testBosniaAndHerzegovina" time="0.000" classname="com.wildstartech.wfa.country.TestCountryFactory"/>
  <testcase name="testFrenchGuiana" time="0.000" classname="com.wildstartech.wfa.country.TestCountryFactory"/>
  <testcase name="testJamaica" time="0.001" classname="com.wildstartech.wfa.country.TestCountryFactory"/>
  <testcase name="testAfghanistan" time="0.000" classname="com.wildstartech.wfa.country.TestCountryFactory"/>
  <testcase name="testChina" time="0.001" classname="com.wildstartech.wfa.country.TestCountryFactory"/>
  <testcase name="testOman" time="0.000" classname="com.wildstartech.wfa.country.TestCountryFactory"/>
  <testcase name="testFaroeIslands" time="0.000" classname="com.wildstartech.wfa.country.TestCountryFactory"/>
  <testcase name="testFalklandIslandsMalvinas" time="0.001" classname="com.wildstartech.wfa.country.TestCountryFactory"/>
  <testcase name="testUnitedKingdom" time="0.000" classname="com.wildstartech.wfa.country.TestCountryFactory"/>
  <testcase name="testTunisia" time="0.000" classname="com.wildstartech.wfa.country.TestCountryFactory"/>
  <testcase name="testTajikistan" time="0.001" classname="com.wildstartech.wfa.country.TestCountryFactory"/>
  <testcase name="testTanzaniaUnitedRepublicOf" time="0.000" classname="com.wildstartech.wfa.country.TestCountryFactory"/>
  <testcase name="testAustria" time="0.001" classname="com.wildstartech.wfa.country.TestCountryFactory"/>
  <testcase name="testGuadeloupe" time="0.000" classname="com.wildstartech.wfa.country.TestCountryFactory"/>
  <testcase name="testGuernsey" time="0.000" classname="com.wildstartech.wfa.country.TestCountryFactory"/>
  <testcase name="testPoland" time="0.000" classname="com.wildstartech.wfa.country.TestCountryFactory"/>
  <testcase name="testCocosKeelingIslands" time="0.001" classname="com.wildstartech.wfa.country.TestCountryFactory"/>
  <testcase name="testBelize" time="0.001" classname="com.wildstartech.wfa.country.TestCountryFactory"/>
  <testcase name="testTrinidadAndTobago" time="0.000" classname="com.wildstartech.wfa.country.TestCountryFactory"/>
  <testcase name="testGuyana" time="0.000" classname="com.wildstartech.wfa.country.TestCountryFactory"/>
  <testcase name="testUnitedArabEmirates" time="0.000" classname="com.wildstartech.wfa.country.TestCountryFactory"/>
  <testcase name="testDenmark" time="0.000" classname="com.wildstartech.wfa.country.TestCountryFactory"/>
  <testcase name="testKyrgyzstan" time="0.000" classname="com.wildstartech.wfa.country.TestCountryFactory"/>
  <testcase name="testMyanmar" time="0.000" classname="com.wildstartech.wfa.country.TestCountryFactory"/>
  <testcase name="testMonaco" time="0.000" classname="com.wildstartech.wfa.country.TestCountryFactory"/>
  <testcase name="testPakistan" time="0.000" classname="com.wildstartech.wfa.country.TestCountryFactory"/>
  <testcase name="testDjibouti" time="0.000" classname="com.wildstartech.wfa.country.TestCountryFactory"/>
  <testcase name="testSaintHelena" time="0.000" classname="com.wildstartech.wfa.country.TestCountryFactory"/>
  <testcase name="testNicaragua" time="0.000" classname="com.wildstartech.wfa.country.TestCountryFactory"/>
  <testcase name="testFiji" time="0.001" classname="com.wildstartech.wfa.country.TestCountryFactory"/>
  <testcase name="testTurkey" time="0.000" classname="com.wildstartech.wfa.country.TestCountryFactory"/>
  <testcase name="testAlbania" time="0.001" classname="com.wildstartech.wfa.country.TestCountryFactory"/>
  <testcase name="testMadagascar" time="0.000" classname="com.wildstartech.wfa.country.TestCountryFactory"/>
  <testcase name="testSweden" time="0.001" classname="com.wildstartech.wfa.country.TestCountryFactory"/>
  <testcase name="testGibraltar" time="0.001" classname="com.wildstartech.wfa.country.TestCountryFactory"/>
  <testcase name="testGreenland" time="0.001" classname="com.wildstartech.wfa.country.TestCountryFactory"/>
  <testcase name="testBermuda" time="0.000" classname="com.wildstartech.wfa.country.TestCountryFactory"/>
  <testcase name="testAnguilla" time="0.001" classname="com.wildstartech.wfa.country.TestCountryFactory"/>
  <testcase name="testKoreaDemocraticPeopleSRepublicOf" time="0.000" classname="com.wildstartech.wfa.country.TestCountryFactory"/>
  <testcase name="testDominica" time="0.000" classname="com.wildstartech.wfa.country.TestCountryFactory"/>
  <testcase name="testTurksAndCaicosIslands" time="0.001" classname="com.wildstartech.wfa.country.TestCountryFactory"/>
  <testcase name="testMauritius" time="0.000" classname="com.wildstartech.wfa.country.TestCountryFactory"/>
  <testcase name="testThailand" time="0.001" classname="com.wildstartech.wfa.country.TestCountryFactory"/>
  <testcase name="testTuvalu" time="0.000" classname="com.wildstartech.wfa.country.TestCountryFactory"/>
  <testcase name="testNepal" time="0.001" classname="com.wildstartech.wfa.country.TestCountryFactory"/>
  <testcase name="testEcuador" time="0.000" classname="com.wildstartech.wfa.country.TestCountryFactory"/>
  <testcase name="testMalta" time="0.000" classname="com.wildstartech.wfa.country.TestCountryFactory"/>
  <testcase name="testHaiti" time="0.001" classname="com.wildstartech.wfa.country.TestCountryFactory"/>
  <testcase name="testFrenchPolynesia" time="0.000" classname="com.wildstartech.wfa.country.TestCountryFactory"/>
  <testcase name="testCanada" time="0.000" classname="com.wildstartech.wfa.country.TestCountryFactory"/>
  <testcase name="testBarbados" time="0.001" classname="com.wildstartech.wfa.country.TestCountryFactory"/>
  <testcase name="testMayotte" time="0.000" classname="com.wildstartech.wfa.country.TestCountryFactory"/>
  <testcase name="testComoros" time="0.001" classname="com.wildstartech.wfa.country.TestCountryFactory"/>
  <testcase name="testSenegal" time="0.000" classname="com.wildstartech.wfa.country.TestCountryFactory"/>
  <testcase name="testSierraLeone" time="0.000" classname="com.wildstartech.wfa.country.TestCountryFactory"/>
  <testcase name="testMalawi" time="0.000" classname="com.wildstartech.wfa.country.TestCountryFactory"/>
  <testcase name="testBelgium" time="0.000" classname="com.wildstartech.wfa.country.TestCountryFactory"/>
  <testcase name="testIndia" time="0.000" classname="com.wildstartech.wfa.country.TestCountryFactory"/>
  <testcase name="testUganda" time="0.001" classname="com.wildstartech.wfa.country.TestCountryFactory"/>
  <testcase name="testSwitzerland" time="0.000" classname="com.wildstartech.wfa.country.TestCountryFactory"/>
  <testcase name="testMontserrat" time="0.000" classname="com.wildstartech.wfa.country.TestCountryFactory"/>
  <testcase name="testBruneiDarussalam" time="0.000" classname="com.wildstartech.wfa.country.TestCountryFactory"/>
  <testcase name="testCyprus" time="0.000" classname="com.wildstartech.wfa.country.TestCountryFactory"/>
  <testcase name="testArmenia" time="0.001" classname="com.wildstartech.wfa.country.TestCountryFactory"/>
  <testcase name="testChile" time="0.000" classname="com.wildstartech.wfa.country.TestCountryFactory"/>
  <testcase name="testArgentina" time="0.000" classname="com.wildstartech.wfa.country.TestCountryFactory"/>
  <testcase name="testLuxembourg" time="0.000" classname="com.wildstartech.wfa.country.TestCountryFactory"/>
  <testcase name="testMaldives" time="0.000" classname="com.wildstartech.wfa.country.TestCountryFactory"/>
  <testcase name="testRussianFederation" time="0.000" classname="com.wildstartech.wfa.country.TestCountryFactory"/>
  <testcase name="testTogo" time="0.000" classname="com.wildstartech.wfa.country.TestCountryFactory"/>
  <testcase name="testJersey" time="0.000" classname="com.wildstartech.wfa.country.TestCountryFactory"/>
  <testcase name="testAntarctica" time="0.001" classname="com.wildstartech.wfa.country.TestCountryFactory"/>
  <testcase name="testTonga" time="0.000" classname="com.wildstartech.wfa.country.TestCountryFactory"/>
  <testcase name="testFrance" time="0.000" classname="com.wildstartech.wfa.country.TestCountryFactory"/>
  <testcase name="testCapeVerde" time="0.000" classname="com.wildstartech.wfa.country.TestCountryFactory"/>
  <testcase name="testSouthGeorgiaAndTheSouthSandwichIslands" time="0.000" classname="com.wildstartech.wfa.country.TestCountryFactory"/>
  <testcase name="testKoreaRepublicOf" time="0.000" classname="com.wildstartech.wfa.country.TestCountryFactory"/>
  <testcase name="testNigeria" time="0.000" classname="com.wildstartech.wfa.country.TestCountryFactory"/>
  <testcase name="testParaguay" time="0.000" classname="com.wildstartech.wfa.country.TestCountryFactory"/>
  <testcase name="testEthiopia" time="0.000" classname="com.wildstartech.wfa.country.TestCountryFactory"/>
  <testcase name="testUkraine" time="0.000" classname="com.wildstartech.wfa.country.TestCountryFactory"/>
  <testcase name="testPortugal" time="0.000" classname="com.wildstartech.wfa.country.TestCountryFactory"/>
  <testcase name="testAustralia" time="0.000" classname="com.wildstartech.wfa.country.TestCountryFactory"/>
  <testcase name="testLithuania" time="0.000" classname="com.wildstartech.wfa.country.TestCountryFactory"/>
  <testcase name="testMongolia" time="0.000" classname="com.wildstartech.wfa.country.TestCountryFactory"/>
  <testcase name="testSriLanka" time="0.000" classname="com.wildstartech.wfa.country.TestCountryFactory"/>
  <testcase name="testSaintBarthelemy" time="0.000" classname="com.wildstartech.wfa.country.TestCountryFactory"/>
  <testcase name="testGhana" time="0.000" classname="com.wildstartech.wfa.country.TestCountryFactory"/>
  <testcase name="testIranIslamicRepublicOf" time="0.000" classname="com.wildstartech.wfa.country.TestCountryFactory"/>
  <testcase name="testSvalbardAndJanMayen" time="0.000" classname="com.wildstartech.wfa.country.TestCountryFactory"/>
  <testcase name="testTimorLeste" time="0.000" classname="com.wildstartech.wfa.country.TestCountryFactory"/>
  <testcase name="testVirginIslandsBritish" time="0.000" classname="com.wildstartech.wfa.country.TestCountryFactory"/>
  <testcase name="testSudan" time="0.000" classname="com.wildstartech.wfa.country.TestCountryFactory"/>
  <testcase name="testSaudiArabia" time="0.001" classname="com.wildstartech.wfa.country.TestCountryFactory"/>
  <testcase name="testSanMarino" time="0.001" classname="com.wildstartech.wfa.country.TestCountryFactory"/>
  <testcase name="testSlovakia" time="0.000" classname="com.wildstartech.wfa.country.TestCountryFactory"/>
  <testcase name="testLaoPeopleSDemocraticRepublic" time="0.001" classname="com.wildstartech.wfa.country.TestCountryFactory"/>
  <testcase name="testBurundi" time="0.001" classname="com.wildstartech.wfa.country.TestCountryFactory"/>
  <testcase name="testBoliviaPlurinationalStateOf" time="0.001" classname="com.wildstartech.wfa.country.TestCountryFactory"/>
  <testcase name="testVanuatu" time="0.000" classname="com.wildstartech.wfa.country.TestCountryFactory"/>
  <testcase name="testColombia" time="0.000" classname="com.wildstartech.wfa.country.TestCountryFactory"/>
  <testcase name="testItaly" time="0.000" classname="com.wildstartech.wfa.country.TestCountryFactory"/>
  <testcase name="testCongoTheDemocraticRepublicOfThe" time="0.001" classname="com.wildstartech.wfa.country.TestCountryFactory"/>
  <testcase name="testLibyanArabJamahiriya" time="0.000" classname="com.wildstartech.wfa.country.TestCountryFactory"/>
  <testcase name="testNetherlands" time="0.000" classname="com.wildstartech.wfa.country.TestCountryFactory"/>
  <testcase name="testPalau" time="0.001" classname="com.wildstartech.wfa.country.TestCountryFactory"/>
  <testcase name="testNiue" time="0.000" classname="com.wildstartech.wfa.country.TestCountryFactory"/>
  <testcase name="testPhilippines" time="0.000" classname="com.wildstartech.wfa.country.TestCountryFactory"/>
  <testcase name="testUnitedStates" time="0.000" classname="com.wildstartech.wfa.country.TestCountryFactory"/>
  <testcase name="testGambia" time="0.001" classname="com.wildstartech.wfa.country.TestCountryFactory"/>
  <testcase name="testPuertoRico" time="0.000" classname="com.wildstartech.wfa.country.TestCountryFactory"/>
  <testcase name="testSouthAfrica" time="0.000" classname="com.wildstartech.wfa.country.TestCountryFactory"/>
  <testcase name="testSaintVincentAndTheGrenadines" time="0.001" classname="com.wildstartech.wfa.country.TestCountryFactory"/>
  <testcase name="testTurkmenistan" time="0.000" classname="com.wildstartech.wfa.country.TestCountryFactory"/>
  <testcase name="testMoldovaRepublicOf" time="0.000" classname="com.wildstartech.wfa.country.TestCountryFactory"/>
  <testcase name="testUruguay" time="0.000" classname="com.wildstartech.wfa.country.TestCountryFactory"/>
  <testcase name="testGuatemala" time="0.000" classname="com.wildstartech.wfa.country.TestCountryFactory"/>
  <testcase name="testJapan" time="0.000" classname="com.wildstartech.wfa.country.TestCountryFactory"/>
  <testcase name="testPalestinianTerritoryOccupied" time="0.000" classname="com.wildstartech.wfa.country.TestCountryFactory"/>
  <testcase name="testMozambique" time="0.001" classname="com.wildstartech.wfa.country.TestCountryFactory"/>
  <testcase name="testZambia" time="0.000" classname="com.wildstartech.wfa.country.TestCountryFactory"/>
  <testcase name="testSaintLucia" time="0.000" classname="com.wildstartech.wfa.country.TestCountryFactory"/>
  <testcase name="testMalaysia" time="0.000" classname="com.wildstartech.wfa.country.TestCountryFactory"/>
  <testcase name="testGreece" time="0.000" classname="com.wildstartech.wfa.country.TestCountryFactory"/>
  <testcase name="testRomania" time="0.000" classname="com.wildstartech.wfa.country.TestCountryFactory"/>
  <testcase name="testNorthernMarianaIslands" time="0.000" classname="com.wildstartech.wfa.country.TestCountryFactory"/>
  <testcase name="testBrazil" time="0.000" classname="com.wildstartech.wfa.country.TestCountryFactory"/>
  <testcase name="testSwaziland" time="0.000" classname="com.wildstartech.wfa.country.TestCountryFactory"/>
  <testcase name="testNamibia" time="0.001" classname="com.wildstartech.wfa.country.TestCountryFactory"/>
  <testcase name="testQatar" time="0.000" classname="com.wildstartech.wfa.country.TestCountryFactory"/>
  <testcase name="testNorfolkIsland" time="0.000" classname="com.wildstartech.wfa.country.TestCountryFactory"/>
  <testcase name="testBahamas" time="0.000" classname="com.wildstartech.wfa.country.TestCountryFactory"/>
  <testcase name="testVietNam" time="0.001" classname="com.wildstartech.wfa.country.TestCountryFactory"/>
  <testcase name="testSaoTomeAndPrincipe" time="0.000" classname="com.wildstartech.wfa.country.TestCountryFactory"/>
  <testcase name="testMarshallIslands" time="0.000" classname="com.wildstartech.wfa.country.TestCountryFactory"/>
  <testcase name="testCostaRica" time="0.001" classname="com.wildstartech.wfa.country.TestCountryFactory"/>
  <testcase name="testNewCaledonia" time="0.000" classname="com.wildstartech.wfa.country.TestCountryFactory"/>
  <testcase name="testVaticanCityState" time="0.001" classname="com.wildstartech.wfa.country.TestCountryFactory"/>
  <testcase name="testChristmasIsland" time="0.000" classname="com.wildstartech.wfa.country.TestCountryFactory"/>
  <testcase name="testEstonia" time="0.000" classname="com.wildstartech.wfa.country.TestCountryFactory"/>
  <testcase name="testMontenegro" time="0.001" classname="com.wildstartech.wfa.country.TestCountryFactory"/>
  <testcase name="testHeardIslandAndMcdonaldIslands" time="0.000" classname="com.wildstartech.wfa.country.TestCountryFactory"/>
  <testcase name="testCentralAfricanRepublic" time="0.000" classname="com.wildstartech.wfa.country.TestCountryFactory"/>
  <testcase name="testGrenada" time="0.000" classname="com.wildstartech.wfa.country.TestCountryFactory"/>
  <testcase name="testBhutan" time="0.000" classname="com.wildstartech.wfa.country.TestCountryFactory"/>
  <testcase name="testCambodia" time="0.000" classname="com.wildstartech.wfa.country.TestCountryFactory"/>
  <testcase name="testGeorgia" time="0.000" classname="com.wildstartech.wfa.country.TestCountryFactory"/>
  <testcase name="testBahrain" time="0.000" classname="com.wildstartech.wfa.country.TestCountryFactory"/>
  <testcase name="testGermany" time="0.001" classname="com.wildstartech.wfa.country.TestCountryFactory"/>
  <testcase name="testSolomonIslands" time="0.000" classname="com.wildstartech.wfa.country.TestCountryFactory"/>
  <testcase name="testAlgeria" time="0.000" classname="com.wildstartech.wfa.country.TestCountryFactory"/>
  <testcase name="testUnitedStatesMinorOutlyingIslands" time="0.000" classname="com.wildstartech.wfa.country.TestCountryFactory"/>
  <testcase name="testGuam" time="0.000" classname="com.wildstartech.wfa.country.TestCountryFactory"/>
  <testcase name="testBurkinaFaso" time="0.000" classname="com.wildstartech.wfa.country.TestCountryFactory"/>
  <testcase name="testTokelau" time="0.000" classname="com.wildstartech.wfa.country.TestCountryFactory"/>
  <testcase name="testCameroon" time="0.000" classname="com.wildstartech.wfa.country.TestCountryFactory"/>
  <testcase name="testEquatorialGuinea" time="0.000" classname="com.wildstartech.wfa.country.TestCountryFactory"/>
  <testcase name="testHongKong" time="0.000" classname="com.wildstartech.wfa.country.TestCountryFactory"/>
  <testcase name="testSuriname" time="0.000" classname="com.wildstartech.wfa.country.TestCountryFactory"/>
  <testcase name="testCuba" time="0.000" classname="com.wildstartech.wfa.country.TestCountryFactory"/>
  <testcase name="testRwanda" time="0.000" classname="com.wildstartech.wfa.country.TestCountryFactory"/>
  <testcase name="testNorway" time="0.000" classname="com.wildstartech.wfa.country.TestCountryFactory"/>
  <testcase name="testEgypt" time="0.000" classname="com.wildstartech.wfa.country.TestCountryFactory"/>
  <testcase name="testAngola" time="0.000" classname="com.wildstartech.wfa.country.TestCountryFactory"/>
  <testcase name="testUzbekistan" time="0.001" classname="com.wildstartech.wfa.country.TestCountryFactory"/>
  <testcase name="testSomalia" time="0.000" classname="com.wildstartech.wfa.country.TestCountryFactory"/>
  <testcase name="testBenin" time="0.000" classname="com.wildstartech.wfa.country.TestCountryFactory"/>
  <testcase name="testEritrea" time="0.000" classname="com.wildstartech.wfa.country.TestCountryFactory"/>
  <testcase name="testNauru" time="0.000" classname="com.wildstartech.wfa.country.TestCountryFactory"/>
  <testcase name="testPeru" time="0.000" classname="com.wildstartech.wfa.country.TestCountryFactory"/>
  <testcase name="testBelarus" time="0.000" classname="com.wildstartech.wfa.country.TestCountryFactory"/>
  <testcase name="testFinland" time="0.000" classname="com.wildstartech.wfa.country.TestCountryFactory"/>
  <testcase name="testSyrianArabRepublic" time="0.000" classname="com.wildstartech.wfa.country.TestCountryFactory"/>
  <testcase name="testNiger" time="0.001" classname="com.wildstartech.wfa.country.TestCountryFactory"/>
  <testcase name="testBulgaria" time="0.001" classname="com.wildstartech.wfa.country.TestCountryFactory"/>
  <testcase name="testHungary" time="0.000" classname="com.wildstartech.wfa.country.TestCountryFactory"/>
  <testcase name="testBouvetIsland" time="0.000" classname="com.wildstartech.wfa.country.TestCountryFactory"/>
  <testcase name="testSamoa" time="0.000" classname="com.wildstartech.wfa.country.TestCountryFactory"/>
  <testcase name="testIreland" time="0.001" classname="com.wildstartech.wfa.country.TestCountryFactory"/>
  <testcase name="testLatvia" time="0.000" classname="com.wildstartech.wfa.country.TestCountryFactory"/>
  <testcase name="testMauritania" time="0.000" classname="com.wildstartech.wfa.country.TestCountryFactory"/>
  <testcase name="testJordan" time="0.000" classname="com.wildstartech.wfa.country.TestCountryFactory"/>
  <testcase name="testPanama" time="0.000" classname="com.wildstartech.wfa.country.TestCountryFactory"/>
  <testcase name="testIraq" time="0.000" classname="com.wildstartech.wfa.country.TestCountryFactory"/>
  <testcase name="testKuwait" time="0.001" classname="com.wildstartech.wfa.country.TestCountryFactory"/>
  <testcase name="testLiechtenstein" time="0.001" classname="com.wildstartech.wfa.country.TestCountryFactory"/>
  <testcase name="testBritishIndianOceanTerritory" time="0.001" classname="com.wildstartech.wfa.country.TestCountryFactory"/>
  <testcase name="testAndorra" time="0.000" classname="com.wildstartech.wfa.country.TestCountryFactory"/>
  <testcase name="testMorocco" time="0.000" classname="com.wildstartech.wfa.country.TestCountryFactory"/>
  <testcase name="testYemen" time="0.001" classname="com.wildstartech.wfa.country.TestCountryFactory"/>
  <testcase name="testAntiguaAndBarbuda" time="0.000" classname="com.wildstartech.wfa.country.TestCountryFactory"/>
  <testcase name="testCroatia" time="0.000" classname="com.wildstartech.wfa.country.TestCountryFactory"/>
  <testcase name="testVirginIslandsUS" time="0.000" classname="com.wildstartech.wfa.country.TestCountryFactory"/>
  <testcase name="testAlandIslands" time="0.000" classname="com.wildstartech.wfa.country.TestCountryFactory"/>
  <testcase name="testCongo" time="0.000" classname="com.wildstartech.wfa.country.TestCountryFactory"/>
  <testcase name="testGuinea" time="0.000" classname="com.wildstartech.wfa.country.TestCountryFactory"/>
  <testcase name="testBotswana" time="0.001" classname="com.wildstartech.wfa.country.TestCountryFactory"/>
  <testcase name="testSeychelles" time="0.000" classname="com.wildstartech.wfa.country.TestCountryFactory"/>
  <testcase name="testKazakhstan" time="0.000" classname="com.wildstartech.wfa.country.TestCountryFactory"/>
  <testcase name="testMicronesiaFederatedStatesOf" time="0.000" classname="com.wildstartech.wfa.country.TestCountryFactory"/>
  <testcase name="testElSalvador" time="0.000" classname="com.wildstartech.wfa.country.TestCountryFactory"/>
  <testcase name="testSerbia" time="0.001" classname="com.wildstartech.wfa.country.TestCountryFactory"/>
  <testcase name="testSlovenia" time="0.000" classname="com.wildstartech.wfa.country.TestCountryFactory"/>
  <testcase name="testSaintMartin" time="0.001" classname="com.wildstartech.wfa.country.TestCountryFactory"/>
  <testcase name="testMali" time="0.000" classname="com.wildstartech.wfa.country.TestCountryFactory"/>
  <testcase name="testSaintKittsAndNevis" time="0.000" classname="com.wildstartech.wfa.country.TestCountryFactory"/>
  <testcase name="testCzechRepublic" time="0.000" classname="com.wildstartech.wfa.country.TestCountryFactory"/>
  <testcase name="testKiribati" time="0.000" classname="com.wildstartech.wfa.country.TestCountryFactory"/>
  <testcase name="testMacao" time="0.000" classname="com.wildstartech.wfa.country.TestCountryFactory"/>
  <testcase name="testIceland" time="0.000" classname="com.wildstartech.wfa.country.TestCountryFactory"/>
  <testcase name="testKenya" time="0.000" classname="com.wildstartech.wfa.country.TestCountryFactory"/>
  <testcase name="testIndonesia" time="0.000" classname="com.wildstartech.wfa.country.TestCountryFactory"/>
</testsuite> <!-- com.wildstartech.wfa.country.TestCountryFactory -->
