<?xml version="1.0" encoding="UTF-8"?>
<!-- Generated by org.testng.reporters.JUnitReportReporter -->
<testsuite hostname="DerekBerubesMBP" name="com.wildstartech.wfa.dao.UserPersistentRuleSetTest" tests="1" failures="0" timestamp="31 Dec 2014 20:05:17 GMT" time="0.017" errors="0">
  <testcase name="test" time="0.017" classname="com.wildstartech.wfa.dao.UserPersistentRuleSetTest"/>
</testsuite> <!-- com.wildstartech.wfa.dao.UserPersistentRuleSetTest -->
