<?xml version="1.0" encoding="UTF-8"?>
<!-- Generated by org.testng.reporters.JUnitReportReporter -->
<testsuite hostname="Derek-Berubes-MacBook-Pro.local" name="com.wildstartech.wfa.location.GeoPointTest" tests="4" failures="0" timestamp="24 Dec 2015 05:35:14 GMT" time="0.106" errors="0">
  <testcase name="calculateDistanceDefaultUnitsTest" time="0.104" classname="com.wildstartech.wfa.location.GeoPointTest"/>
  <testcase name="calculateDistanceNauticalMilesTest" time="0.001" classname="com.wildstartech.wfa.location.GeoPointTest"/>
  <testcase name="calculateDistanceTest" time="0.001" classname="com.wildstartech.wfa.location.GeoPointTest"/>
  <testcase name="calculateDistanceKilometersTest" time="0.000" classname="com.wildstartech.wfa.location.GeoPointTest"/>
</testsuite> <!-- com.wildstartech.wfa.location.GeoPointTest -->
