<?xml version="1.0" encoding="UTF-8"?>
<!-- Generated by org.testng.reporters.JUnitReportReporter -->
<testsuite hostname="Derek-Berubes-MacBook-Pro.local" name="com.wildstartech.wfa.location.spi.DistanceServiceProviderFactoryTest" tests="2" failures="0" timestamp="24 Dec 2015 05:35:14 GMT" time="0.000" errors="0">
  <testcase name="getService" time="0.000" classname="com.wildstartech.wfa.location.spi.DistanceServiceProviderFactoryTest"/>
  <testcase name="getInstance" time="0.000" classname="com.wildstartech.wfa.location.spi.DistanceServiceProviderFactoryTest"/>
</testsuite> <!-- com.wildstartech.wfa.location.spi.DistanceServiceProviderFactoryTest -->
