<?xml version="1.0" encoding="UTF-8"?>
<!-- Generated by org.testng.reporters.JUnitReportReporter -->
<testsuite hostname="Derek-Berubes-MacBook-Pro.local" name="com.wildstartech.wfa.logistics.ltl.pricemodel.CubeDistancePriceModelTest" tests="1" failures="0" timestamp="24 Dec 2015 05:35:14 GMT" time="0.008" errors="0">
  <testcase name="testCalculation" time="0.008" classname="com.wildstartech.wfa.logistics.ltl.pricemodel.CubeDistancePriceModelTest"/>
</testsuite> <!-- com.wildstartech.wfa.logistics.ltl.pricemodel.CubeDistancePriceModelTest -->
