<?xml version="1.0" encoding="UTF-8"?>
<!-- Generated by org.testng.reporters.JUnitReportReporter -->
<testsuite hostname="Derek-Berubes-MacBook-Pro.local" name="com.wildstartech.wfa.location.address.us.ZipCodeFactoryTest" tests="10" failures="0" timestamp="24 Dec 2015 05:35:14 GMT" time="0.000" errors="0">
  <testcase name="getInstanceTest" time="0.000" classname="com.wildstartech.wfa.location.address.us.ZipCodeFactoryTest"/>
  <testcase name="get93619ClovisCA" time="0.000" classname="com.wildstartech.wfa.location.address.us.ZipCodeFactoryTest"/>
  <testcase name="get97086HappyValleyOR" time="0.000" classname="com.wildstartech.wfa.location.address.us.ZipCodeFactoryTest"/>
  <testcase name="getGAAtlanta30332Test" time="0.000" classname="com.wildstartech.wfa.location.address.us.ZipCodeFactoryTest"/>
  <testcase name="get94505DiscoveryBayCA" time="0.000" classname="com.wildstartech.wfa.location.address.us.ZipCodeFactoryTest"/>
  <testcase name="getGASandySprings30328Test" time="0.000" classname="com.wildstartech.wfa.location.address.us.ZipCodeFactoryTest"/>
  <testcase name="getFLPanamaCityBeachTest" time="0.000" classname="com.wildstartech.wfa.location.address.us.ZipCodeFactoryTest"/>
  <testcase name="get92010CarlsbadCA" time="0.000" classname="com.wildstartech.wfa.location.address.us.ZipCodeFactoryTest"/>
  <testcase name="get94582SanRamonCA" time="0.000" classname="com.wildstartech.wfa.location.address.us.ZipCodeFactoryTest"/>
  <testcase name="get92011CarlsbadCA" time="0.000" classname="com.wildstartech.wfa.location.address.us.ZipCodeFactoryTest"/>
</testsuite> <!-- com.wildstartech.wfa.location.address.us.ZipCodeFactoryTest -->
