<?xml version="1.0" encoding="UTF-8"?>
<!-- Generated by org.testng.reporters.JUnitReportReporter -->
<testsuite hostname="Derek-Berubes-MacBook-Pro.local" name="com.wildstartech.wfa.ticketing.RequestIdGeneratorTest" tests="4" failures="0" timestamp="24 Dec 2015 05:35:14 GMT" time="0.016" errors="0">
  <testcase name="longNumberWithException" time="0.002" classname="com.wildstartech.wfa.ticketing.RequestIdGeneratorTest"/>
  <testcase name="shorterMaximumLength" time="0.001" classname="com.wildstartech.wfa.ticketing.RequestIdGeneratorTest"/>
  <testcase name="baseLineTest" time="0.001" classname="com.wildstartech.wfa.ticketing.RequestIdGeneratorTest"/>
  <testcase name="largePrefixWithException" time="0.012" classname="com.wildstartech.wfa.ticketing.RequestIdGeneratorTest"/>
</testsuite> <!-- com.wildstartech.wfa.ticketing.RequestIdGeneratorTest -->
